<?xml version="1.0" encoding="UTF-8"?>
<!-- Generated by org.testng.reporters.JUnitXMLReporter -->
<testsuite ignored="0" hostname="Jenish" failures="0" tests="3" name="Command line test" time="7.328" errors="0" timestamp="2022-12-30T14:17:29 CST">
  <testcase classname="Search.TestingGoogleSearch" name="testFlow" time="1.722"/>
  <testcase classname="Search.TestingGoogleSearch" name="testFlow" time="0.929"/>
  <testcase classname="Search.TestingGoogleSearch" name="testFlow" time="0.94"/>
</testsuite> <!-- Command line test -->
