<?xml version="1.0" encoding="UTF-8"?>
<testng-results ignored="0" total="3" passed="3" failed="0" skipped="0">
  <reporter-output>
  </reporter-output>
  <suite started-at="2022-12-30T14:17:22 CST" name="Search.TestingGoogleSearch" finished-at="2022-12-30T14:17:29 CST" duration-ms="7328">
    <groups>
    </groups>
    <test started-at="2022-12-30T14:17:22 CST" name="Command line test" finished-at="2022-12-30T14:17:29 CST" duration-ms="7328">
      <class name="Search.TestingGoogleSearch">
        <test-method is-config="true" signature="browserSetup()[pri:0, instance:Search.TestingGoogleSearch@21507a04]" started-at="2022-12-30T14:17:22 CST" name="browserSetup" finished-at="2022-12-30T14:17:25 CST" duration-ms="3347" status="PASS">
          <reporter-output>
          </reporter-output>
        </test-method> <!-- browserSetup -->
        <test-method signature="testFlow(java.lang.String)[pri:0, instance:Search.TestingGoogleSearch@21507a04]" started-at="2022-12-30T14:17:26 CST" name="testFlow" data-provider="searchDataValue" finished-at="2022-12-30T14:17:27 CST" duration-ms="1722" status="PASS">
          <params>
            <param index="0">
              <value>
                <![CDATA[India national cricket team]]>
              </value>
            </param>
          </params>
          <reporter-output>
          </reporter-output>
        </test-method> <!-- testFlow -->
        <test-method signature="testFlow(java.lang.String)[pri:0, instance:Search.TestingGoogleSearch@21507a04]" started-at="2022-12-30T14:17:27 CST" name="testFlow" data-provider="searchDataValue" finished-at="2022-12-30T14:17:28 CST" duration-ms="929" status="PASS">
          <params>
            <param index="0">
              <value>
                <![CDATA[Tesla]]>
              </value>
            </param>
          </params>
          <reporter-output>
          </reporter-output>
        </test-method> <!-- testFlow -->
        <test-method signature="testFlow(java.lang.String)[pri:0, instance:Search.TestingGoogleSearch@21507a04]" started-at="2022-12-30T14:17:28 CST" name="testFlow" data-provider="searchDataValue" finished-at="2022-12-30T14:17:29 CST" duration-ms="940" status="PASS">
          <params>
            <param index="0">
              <value>
                <![CDATA[Austin]]>
              </value>
            </param>
          </params>
          <reporter-output>
          </reporter-output>
        </test-method> <!-- testFlow -->
        <test-method is-config="true" signature="AfterSetup()[pri:0, instance:Search.TestingGoogleSearch@21507a04]" started-at="2022-12-30T14:17:29 CST" name="AfterSetup" finished-at="2022-12-30T14:17:29 CST" duration-ms="186" status="PASS">
          <reporter-output>
          </reporter-output>
        </test-method> <!-- AfterSetup -->
      </class> <!-- Search.TestingGoogleSearch -->
    </test> <!-- Command line test -->
  </suite> <!-- Search.TestingGoogleSearch -->
</testng-results>
